<?xml version="1.0" encoding="UTF-8"?>
<!-- Generated by org.testng.reporters.JUnitReportReporter -->
<testsuite hostname="LAPTOP-8VKI63NR" failures="0" tests="1" name="org.captcha.test.Captcha" time="32.653" errors="0" timestamp="02 Mar 2021 12:57:34 GMT" skipped="0">
  <testcase classname="org.captcha.test.Captcha" name="login" time="32.653"/>
</testsuite> <!-- org.captcha.test.Captcha -->
