<?xml version="1.0" encoding="UTF-8"?>
<!-- Generated by org.testng.reporters.JUnitReportReporter -->
<testsuite hostname="LAPTOP-8VKI63NR" failures="0" tests="10" name="org.captcha.test.Earnings" time="180.903" errors="0" timestamp="24 Feb 2021 12:35:30 GMT" skipped="0">
  <testcase classname="org.captcha.test.Earnings" name="login" time="22.860"/>
  <testcase classname="org.captcha.test.Earnings" name="login" time="15.914"/>
  <testcase classname="org.captcha.test.Earnings" name="login" time="17.746"/>
  <testcase classname="org.captcha.test.Earnings" name="login" time="12.120"/>
  <testcase classname="org.captcha.test.Earnings" name="login" time="19.258"/>
  <testcase classname="org.captcha.test.Earnings" name="login" time="25.230"/>
  <testcase classname="org.captcha.test.Earnings" name="login" time="14.414"/>
  <testcase classname="org.captcha.test.Earnings" name="login" time="13.911"/>
  <testcase classname="org.captcha.test.Earnings" name="login" time="16.817"/>
  <testcase classname="org.captcha.test.Earnings" name="login" time="22.633"/>
</testsuite> <!-- org.captcha.test.Earnings -->
